#
# A fatal error has been detected by the Java Runtime Environment:
#
#  Internal Error (javaCalls.cpp:51), pid=13543, tid=0x00007f69402a9700
#  guarantee(thread->is_Java_thread()) failed: crucial check - the VM thread cannot and must not escape to Java code
#
# JRE version: OpenJDK Runtime Environment (8.0_181-b13) (build 1.8.0_181-8u181-b13-0ubuntu0.16.04.1-b13)
# Java VM: OpenJDK 64-Bit Server VM (25.181-b13 mixed mode linux-amd64 compressed oops)
# Failed to write core dump. Core dumps have been disabled. To enable core dumping, try "ulimit -c unlimited" before starting Java again
#
# If you would like to submit a bug report, please visit:
#   http://bugreport.java.com/bugreport/crash.jsp
#

---------------  T H R E A D  ---------------

Current thread (0x00007f6954147000):  VMThread [stack: 0x00007f69401a9000,0x00007f69402aa000] [id=13552]

Stack: [0x00007f69401a9000,0x00007f69402aa000],  sp=0x00007f69402a77e0,  free space=1017k
Native frames: (J=compiled Java code, j=interpreted, Vv=VM code, C=native code)
V  [libjvm.so+0xa70edb]
V  [libjvm.so+0x4c87ed]
V  [libjvm.so+0x66388f]
V  [libjvm.so+0x666076]
V  [libjvm.so+0x664964]
V  [libjvm.so+0x556991]
V  [libjvm.so+0x55886a]
V  [libjvm.so+0x5c28f3]
V  [libjvm.so+0x5c5bbe]
V  [libjvm.so+0x5c5f79]
V  [libjvm.so+0x5c9757]
V  [libjvm.so+0x5c9b45]
V  [libjvm.so+0x8af59f]
V  [libjvm.so+0x8b11ae]
V  [libjvm.so+0x8b206a]
V  [libjvm.so+0x8b29a4]
V  [libjvm.so+0x6259d3]
V  [libjvm.so+0x84655b]
V  [libjvm.so+0x7383fc]
V  [libjvm.so+0xa77d27]
V  [libjvm.so+0xa75427]
V  [libjvm.so+0xa768af]
V  [libjvm.so+0xa76da1]
V  [libjvm.so+0x8bae12]

VM_Operation (0x00007f6933bf79a0): GetOrSetLocal, mode: safepoint, requested by thread 0x00007f6954192000


---------------  P R O C E S S  ---------------

Java Threads: ( => current thread )
  0x00007f695452e800 JavaThread "Service Thread" daemon [_thread_blocked, id=13572, stack(0x00007f693325f000,0x00007f6933360000)]
  0x00007f695452a800 JavaThread "C1 CompilerThread2" daemon [_thread_blocked, id=13571, stack(0x00007f6933360000,0x00007f6933461000)]
  0x00007f6954528800 JavaThread "C2 CompilerThread1" daemon [_thread_blocked, id=13570, stack(0x00007f6933461000,0x00007f6933562000)]
  0x00007f6954522000 JavaThread "C2 CompilerThread0" daemon [_thread_blocked, id=13569, stack(0x00007f6933562000,0x00007f6933663000)]
  0x00007f6910001000 JavaThread "JDWP Command Reader" daemon [_thread_in_native, id=13568, stack(0x00007f69338f6000,0x00007f69339f7000)]
  0x00007f6954195800 JavaThread "JDWP Event Helper Thread" daemon [_thread_blocked, id=13566, stack(0x00007f69339f7000,0x00007f6933af8000)]
  0x00007f6954192000 JavaThread "JDWP Transport Listener: dt_socket" daemon [_thread_blocked, id=13564, stack(0x00007f6933af8000,0x00007f6933bf9000)]
  0x00007f6954184800 JavaThread "Signal Dispatcher" daemon [_thread_blocked, id=13563, stack(0x00007f6933dfe000,0x00007f6933eff000)]
  0x00007f6954153000 JavaThread "Finalizer" daemon [_thread_blocked, id=13559, stack(0x00007f6933eff000,0x00007f6934000000)]
  0x00007f695414e800 JavaThread "Reference Handler" daemon [_thread_blocked, id=13554, stack(0x00007f69400a8000,0x00007f69401a9000)]
  0x00007f6954012000 JavaThread "main" [_thread_blocked, id=13546, stack(0x00007f695b218000,0x00007f695b319000)]

Other Threads:
=>0x00007f6954147000 VMThread [stack: 0x00007f69401a9000,0x00007f69402aa000] [id=13552]
  0x00007f6954531000 WatcherThread [stack: 0x00007f693315e000,0x00007f693325f000] [id=13573]

VM state:at safepoint (normal execution)

VM Mutex/Monitor currently owned by a thread:  ([mutex/lock_event])
[0x00007f695400e6a0] Threads_lock - owner thread: 0x00007f6954147000

Heap:
 PSYoungGen      total 145920K, used 70412K [0x0000000742f80000, 0x0000000750280000, 0x00000007c0000000)
  eden space 92160K, 43% used [0x0000000742f80000,0x000000074564d5a0,0x0000000748980000)
  from space 53760K, 57% used [0x000000074ce00000,0x000000074ebf5cd0,0x0000000750280000)
  to   space 61952K, 0% used [0x0000000748980000,0x0000000748980000,0x000000074c600000)
 ParOldGen       total 246272K, used 103876K [0x0000000648e00000, 0x0000000657e80000, 0x0000000742f80000)
  object space 246272K, 42% used [0x0000000648e00000,0x000000064f371378,0x0000000657e80000)
 Metaspace       used 22687K, capacity 22984K, committed 23040K, reserved 1069056K
  class space    used 2649K, capacity 2770K, committed 2816K, reserved 1048576K

Card table byte_map: [0x00007f6943364000,0x00007f6943f1e000] byte_map_base: 0x00007f694011d000

Marking Bits: (ParMarkBitMap*) 0x00007f695a4f03a0
 Begin Bits: [0x00007f6920470000, 0x00007f6926238000)
 End Bits:   [0x00007f6926238000, 0x00007f692c000000)

Polling page: 0x00007f695b344000

CodeCache: size=245760Kb used=3464Kb max_used=3470Kb free=242295Kb
 bounds [0x00007f69442de000, 0x00007f694464e000, 0x00007f69532de000]
 total_blobs=1356 nmethods=898 adapters=380
 compilation: enabled

Compilation events (10 events):
Event: 158,717 Thread 0x00007f695452a800  847       3       java.lang.System$2::invokeFinalize (5 bytes)
Event: 158,717 Thread 0x00007f695452a800 nmethod 847 0x00007f6944632bd0 code [0x00007f6944632d40, 0x00007f6944632f68]
Event: 158,717 Thread 0x00007f695452a800  849       3       java.util.zip.ZipFile$ZipFileInputStream::finalize (5 bytes)
Event: 158,717 Thread 0x00007f695452a800 nmethod 849 0x00007f6944633010 code [0x00007f6944633180, 0x00007f6944633308]
Event: 158,717 Thread 0x00007f695452a800  848       3       java.util.zip.ZipFile$ZipFileInflaterInputStream::finalize (5 bytes)
Event: 158,717 Thread 0x00007f695452a800 nmethod 848 0x00007f6944633390 code [0x00007f6944633500, 0x00007f6944633688]
Event: 183,236 Thread 0x00007f6954528800  897 %     4       java.util.HashMap$HashIterator::<init> @ 48 (79 bytes)
Event: 183,240 Thread 0x00007f6954528800 nmethod 897% 0x00007f6944642610 code [0x00007f6944642780, 0x00007f6944642a38]
Event: 205,050 Thread 0x00007f695452a800  898  s    1       sun.security.ssl.SSLSocketImpl::getConnectionState (5 bytes)
Event: 205,050 Thread 0x00007f695452a800 nmethod 898 0x00007f69446421d0 code [0x00007f6944642320, 0x00007f6944642590]

GC Heap History (10 events):
Event: 181,318 GC heap before
{Heap before GC invocations=4 (full 1):
 PSYoungGen      total 112128K, used 96256K [0x0000000742f80000, 0x000000074ac80000, 0x00000007c0000000)
  eden space 96256K, 100% used [0x0000000742f80000,0x0000000748d80000,0x0000000748d80000)
  from space 15872K, 0% used [0x0000000749d00000,0x0000000749d00000,0x000000074ac80000)
  to   space 15872K, 0% used [0x0000000748d80000,0x0000000748d80000,0x0000000749d00000)
 ParOldGen       total 104960K, used 8254K [0x0000000648e00000, 0x000000064f480000, 0x0000000742f80000)
  object space 104960K, 7% used [0x0000000648e00000,0x000000064960f950,0x000000064f480000)
 Metaspace       used 22188K, capacity 22512K, committed 22784K, reserved 1069056K
  class space    used 2603K, capacity 2702K, committed 2816K, reserved 1048576K
Event: 181,342 GC heap after
Heap after GC invocations=4 (full 1):
 PSYoungGen      total 112128K, used 15872K [0x0000000742f80000, 0x000000074ac80000, 0x00000007c0000000)
  eden space 96256K, 0% used [0x0000000742f80000,0x0000000742f80000,0x0000000748d80000)
  from space 15872K, 100% used [0x0000000748d80000,0x0000000749d00000,0x0000000749d00000)
  to   space 15872K, 0% used [0x0000000749d00000,0x0000000749d00000,0x000000074ac80000)
 ParOldGen       total 104960K, used 22797K [0x0000000648e00000, 0x000000064f480000, 0x0000000742f80000)
  object space 104960K, 21% used [0x0000000648e00000,0x000000064a443700,0x000000064f480000)
 Metaspace       used 22188K, capacity 22512K, committed 22784K, reserved 1069056K
  class space    used 2603K, capacity 2702K, committed 2816K, reserved 1048576K
}
Event: 205,008 GC heap before
{Heap before GC invocations=5 (full 1):
 PSYoungGen      total 112128K, used 112128K [0x0000000742f80000, 0x000000074ac80000, 0x00000007c0000000)
  eden space 96256K, 100% used [0x0000000742f80000,0x0000000748d80000,0x0000000748d80000)
  from space 15872K, 100% used [0x0000000748d80000,0x0000000749d00000,0x0000000749d00000)
  to   space 15872K, 0% used [0x0000000749d00000,0x0000000749d00000,0x000000074ac80000)
 ParOldGen       total 104960K, used 22797K [0x0000000648e00000, 0x000000064f480000, 0x0000000742f80000)
  object space 104960K, 21% used [0x0000000648e00000,0x000000064a443700,0x000000064f480000)
 Metaspace       used 22188K, capacity 22512K, committed 22784K, reserved 1069056K
  class space    used 2603K, capacity 2702K, committed 2816K, reserved 1048576K
Event: 205,049 GC heap after
Heap after GC invocations=5 (full 1):
 PSYoungGen      total 112128K, used 15840K [0x0000000742f80000, 0x000000074ac80000, 0x00000007c0000000)
  eden space 96256K, 0% used [0x0000000742f80000,0x0000000742f80000,0x0000000748d80000)
  from space 15872K, 99% used [0x0000000749d00000,0x000000074ac78240,0x000000074ac80000)
  to   space 15872K, 0% used [0x0000000748d80000,0x0000000748d80000,0x0000000749d00000)
 ParOldGen       total 104960K, used 58356K [0x0000000648e00000, 0x000000064f480000, 0x0000000742f80000)
  object space 104960K, 55% used [0x0000000648e00000,0x000000064c6fd2b0,0x000000064f480000)
 Metaspace       used 22188K, capacity 22512K, committed 22784K, reserved 1069056K
  class space    used 2603K, capacity 2702K, committed 2816K, reserved 1048576K
}
Event: 228,906 GC heap before
{Heap before GC invocations=6 (full 1):
 PSYoungGen      total 112128K, used 112096K [0x0000000742f80000, 0x000000074ac80000, 0x00000007c0000000)
  eden space 96256K, 100% used [0x0000000742f80000,0x0000000748d80000,0x0000000748d80000)
  from space 15872K, 99% used [0x0000000749d00000,0x000000074ac78240,0x000000074ac80000)
  to   space 15872K, 0% used [0x0000000748d80000,0x0000000748d80000,0x0000000749d00000)
 ParOldGen       total 104960K, used 58356K [0x0000000648e00000, 0x000000064f480000, 0x0000000742f80000)
  object space 104960K, 55% used [0x0000000648e00000,0x000000064c6fd2b0,0x000000064f480000)
 Metaspace       used 22188K, capacity 22512K, committed 22784K, reserved 1069056K
  class space    used 2603K, capacity 2702K, committed 2816K, reserved 1048576K
Event: 228,993 GC heap after
Heap after GC invocations=6 (full 1):
 PSYoungGen      total 110080K, used 15856K [0x0000000742f80000, 0x0000000751080000, 0x00000007c0000000)
  eden space 94208K, 0% used [0x0000000742f80000,0x0000000742f80000,0x0000000748b80000)
  from space 15872K, 99% used [0x0000000748d80000,0x0000000749cfc230,0x0000000749d00000)
  to   space 68096K, 0% used [0x000000074ce00000,0x000000074ce00000,0x0000000751080000)
 ParOldGen       total 104960K, used 93816K [0x0000000648e00000, 0x000000064f480000, 0x0000000742f80000)
  object space 104960K, 89% used [0x0000000648e00000,0x000000064e99e340,0x000000064f480000)
 Metaspace       used 22188K, capacity 22512K, committed 22784K, reserved 1069056K
  class space    used 2603K, capacity 2702K, committed 2816K, reserved 1048576K
}
Event: 228,993 GC heap before
{Heap before GC invocations=7 (full 2):
 PSYoungGen      total 110080K, used 15856K [0x0000000742f80000, 0x0000000751080000, 0x00000007c0000000)
  eden space 94208K, 0% used [0x0000000742f80000,0x0000000742f80000,0x0000000748b80000)
  from space 15872K, 99% used [0x0000000748d80000,0x0000000749cfc230,0x0000000749d00000)
  to   space 68096K, 0% used [0x000000074ce00000,0x000000074ce00000,0x0000000751080000)
 ParOldGen       total 104960K, used 93816K [0x0000000648e00000, 0x000000064f480000, 0x0000000742f80000)
  object space 104960K, 89% used [0x0000000648e00000,0x000000064e99e340,0x000000064f480000)
 Metaspace       used 22188K, capacity 22512K, committed 22784K, reserved 1069056K
  class space    used 2603K, capacity 2702K, committed 2816K, reserved 1048576K
Event: 229,421 GC heap after
Heap after GC invocations=7 (full 2):
 PSYoungGen      total 110080K, used 0K [0x0000000742f80000, 0x0000000751080000, 0x00000007c0000000)
  eden space 94208K, 0% used [0x0000000742f80000,0x0000000742f80000,0x0000000748b80000)
  from space 15872K, 0% used [0x0000000748d80000,0x0000000748d80000,0x0000000749d00000)
  to   space 68096K, 0% used [0x000000074ce00000,0x000000074ce00000,0x0000000751080000)
 ParOldGen       total 246272K, used 103876K [0x0000000648e00000, 0x0000000657e80000, 0x0000000742f80000)
  object space 246272K, 42% used [0x0000000648e00000,0x000000064f371378,0x0000000657e80000)
 Metaspace       used 22188K, capacity 22512K, committed 22784K, reserved 1069056K
  class space    used 2603K, capacity 2702K, committed 2816K, reserved 1048576K
}
Event: 249,550 GC heap before
{Heap before GC invocations=8 (full 2):
 PSYoungGen      total 110080K, used 94208K [0x0000000742f80000, 0x0000000751080000, 0x00000007c0000000)
  eden space 94208K, 100% used [0x0000000742f80000,0x0000000748b80000,0x0000000748b80000)
  from space 15872K, 0% used [0x0000000748d80000,0x0000000748d80000,0x0000000749d00000)
  to   space 68096K, 0% used [0x000000074ce00000,0x000000074ce00000,0x0000000751080000)
 ParOldGen       total 246272K, used 103876K [0x0000000648e00000, 0x0000000657e80000, 0x0000000742f80000)
  object space 246272K, 42% used [0x0000000648e00000,0x000000064f371378,0x0000000657e80000)
 Metaspace       used 22188K, capacity 22512K, committed 22784K, reserved 1069056K
  class space    used 2603K, capacity 2702K, committed 2816K, reserved 1048576K
Event: 249,576 GC heap after
Heap after GC invocations=8 (full 2):
 PSYoungGen      total 145920K, used 30679K [0x0000000742f80000, 0x0000000750280000, 0x00000007c0000000)
  eden space 92160K, 0% used [0x0000000742f80000,0x0000000742f80000,0x0000000748980000)
  from space 53760K, 57% used [0x000000074ce00000,0x000000074ebf5cd0,0x0000000750280000)
  to   space 61952K, 0% used [0x0000000748980000,0x0000000748980000,0x000000074c600000)
 ParOldGen       total 246272K, used 103876K [0x0000000648e00000, 0x0000000657e80000, 0x0000000742f80000)
  object space 246272K, 42% used [0x0000000648e00000,0x000000064f371378,0x0000000657e80000)
 Metaspace       used 22188K, capacity 22512K, committed 22784K, reserved 1069056K
  class space    used 2603K, capacity 2702K, committed 2816K, reserved 1048576K
}

Deoptimization events (8 events):
Event: 1,643 Thread 0x00007f6954012000 Uncommon trap: reason=range_check action=make_not_entrant pc=0x00007f694451c8b4 method=sun.reflect.generics.parser.SignatureParser.current()C @ 34
Event: 1,686 Thread 0x00007f6954012000 Uncommon trap: reason=unstable_if action=reinterpret pc=0x00007f6944449cbc method=java.lang.String.indexOf([CII[CIII)I @ 3
Event: 2,124 Thread 0x00007f6954012000 Uncommon trap: reason=unstable_if action=reinterpret pc=0x00007f6944519fac method=sun.net.www.ParseUtil.encodePath(Ljava/lang/String;Z)Ljava/lang/String; @ 109
Event: 2,125 Thread 0x00007f6954012000 Uncommon trap: reason=unstable_if action=reinterpret pc=0x00007f6944501dec method=sun.net.www.ParseUtil.encodePath(Ljava/lang/String;Z)Ljava/lang/String; @ 109
Event: 2,455 Thread 0x00007f6954012000 Uncommon trap: reason=class_check action=maybe_recompile pc=0x00007f69443ec71c method=java.lang.String.equals(Ljava/lang/Object;)Z @ 8
Event: 2,463 Thread 0x00007f6954012000 Uncommon trap: reason=class_check action=maybe_recompile pc=0x00007f69443ec71c method=java.lang.String.equals(Ljava/lang/Object;)Z @ 8
Event: 2,464 Thread 0x00007f6954012000 Uncommon trap: reason=class_check action=maybe_recompile pc=0x00007f69443ec71c method=java.lang.String.equals(Ljava/lang/Object;)Z @ 8
Event: 2,464 Thread 0x00007f6954012000 Uncommon trap: reason=class_check action=maybe_recompile pc=0x00007f69443ec71c method=java.lang.String.equals(Ljava/lang/Object;)Z @ 8

Classes redefined (3 events):
Event: 297,197 Thread 0x00007f6954147000 redefined class name=eu.fbk.das.rs.RecommendationSystemTest, count=1
Event: 582,360 Thread 0x00007f6954147000 redefined class name=eu.fbk.das.rs.challengeGeneration.RecommendationSystemStatistics, count=1
Event: 735,619 Thread 0x00007f6954147000 redefined class name=eu.fbk.das.rs.challengeGeneration.RecommendationSystemStatistics, count=2

Internal exceptions (10 events):
Event: 258,085 Thread 0x00007f6954012000 Exception <a 'java/lang/ArrayIndexOutOfBoundsException': 102> (0x00000007454adcc8) thrown at [/build/openjdk-8-pREaNj/openjdk-8-8u181-b13/src/hotspot/src/share/vm/interpreter/interpreterRuntime.cpp, line 366]
Event: 258,086 Thread 0x00007f6954012000 Exception <a 'java/lang/ArrayIndexOutOfBoundsException': 28> (0x00000007454b02e0) thrown at [/build/openjdk-8-pREaNj/openjdk-8-8u181-b13/src/hotspot/src/share/vm/interpreter/interpreterRuntime.cpp, line 366]
Event: 258,088 Thread 0x00007f6954012000 Exception <a 'java/lang/ArrayIndexOutOfBoundsException': 56> (0x00000007454b5b50) thrown at [/build/openjdk-8-pREaNj/openjdk-8-8u181-b13/src/hotspot/src/share/vm/interpreter/interpreterRuntime.cpp, line 366]
Event: 258,090 Thread 0x00007f6954012000 Exception <a 'java/lang/ArrayIndexOutOfBoundsException': 121> (0x00000007454b9410) thrown at [/build/openjdk-8-pREaNj/openjdk-8-8u181-b13/src/hotspot/src/share/vm/interpreter/interpreterRuntime.cpp, line 366]
Event: 258,096 Thread 0x00007f6954012000 Exception <a 'java/lang/ArrayIndexOutOfBoundsException': 28> (0x00000007454c78d0) thrown at [/build/openjdk-8-pREaNj/openjdk-8-8u181-b13/src/hotspot/src/share/vm/interpreter/interpreterRuntime.cpp, line 366]
Event: 258,096 Thread 0x00007f6954012000 Exception <a 'java/lang/ArrayIndexOutOfBoundsException': 31> (0x00000007454c8628) thrown at [/build/openjdk-8-pREaNj/openjdk-8-8u181-b13/src/hotspot/src/share/vm/interpreter/interpreterRuntime.cpp, line 366]
Event: 258,096 Thread 0x00007f6954012000 Exception <a 'java/lang/ArrayIndexOutOfBoundsException': 33> (0x00000007454c9428) thrown at [/build/openjdk-8-pREaNj/openjdk-8-8u181-b13/src/hotspot/src/share/vm/interpreter/interpreterRuntime.cpp, line 366]
Event: 258,098 Thread 0x00007f6954012000 Exception <a 'java/lang/ArrayIndexOutOfBoundsException': 56> (0x00000007454cd898) thrown at [/build/openjdk-8-pREaNj/openjdk-8-8u181-b13/src/hotspot/src/share/vm/interpreter/interpreterRuntime.cpp, line 366]
Event: 258,104 Thread 0x00007f6954012000 Exception <a 'java/lang/ArrayIndexOutOfBoundsException': 28> (0x00000007454daa78) thrown at [/build/openjdk-8-pREaNj/openjdk-8-8u181-b13/src/hotspot/src/share/vm/interpreter/interpreterRuntime.cpp, line 366]
Event: 258,106 Thread 0x00007f6954012000 Exception <a 'java/lang/ArrayIndexOutOfBoundsException': 31> (0x00000007454df7c8) thrown at [/build/openjdk-8-pREaNj/openjdk-8-8u181-b13/src/hotspot/src/share/vm/interpreter/interpreterRuntime.cpp, line 366]

Events (10 events):
Event: 8082,608 Executing VM operation: ChangeBreakpoints done
Event: 8085,319 Executing VM operation: ChangeBreakpoints
Event: 8085,319 Executing VM operation: ChangeBreakpoints done
Event: 8098,926 Executing VM operation: ChangeBreakpoints
Event: 8098,926 Executing VM operation: ChangeBreakpoints done
Event: 8098,936 Executing VM operation: GetOrSetLocal
Event: 8098,936 Executing VM operation: GetOrSetLocal done
Event: 8098,986 Executing VM operation: ChangeBreakpoints
Event: 8098,987 Executing VM operation: ChangeBreakpoints done
Event: 8099,045 Executing VM operation: GetOrSetLocal


Dynamic libraries:
00400000-00401000 r-xp 00000000 103:02 28576409                          /usr/lib/jvm/java-8-openjdk-amd64/jre/bin/java
00600000-00601000 r--p 00000000 103:02 28576409                          /usr/lib/jvm/java-8-openjdk-amd64/jre/bin/java
00601000-00602000 rw-p 00001000 103:02 28576409                          /usr/lib/jvm/java-8-openjdk-amd64/jre/bin/java
00685000-006a6000 rw-p 00000000 00:00 0                                  [heap]
648e00000-657e80000 rw-p 00000000 00:00 0 
657e80000-742f80000 ---p 00000000 00:00 0 
742f80000-750280000 rw-p 00000000 00:00 0 
750280000-7c0000000 ---p 00000000 00:00 0 
7c0000000-7c02c0000 rw-p 00000000 00:00 0 
7c02c0000-800000000 ---p 00000000 00:00 0 
7f68e8000000-7f68e8021000 rw-p 00000000 00:00 0 
7f68e8021000-7f68ec000000 ---p 00000000 00:00 0 
7f68ec000000-7f68ec021000 rw-p 00000000 00:00 0 
7f68ec021000-7f68f0000000 ---p 00000000 00:00 0 
7f68f0fff000-7f68f4000000 rw-p 00000000 00:00 0 
7f68f4000000-7f68f4353000 rw-p 00000000 00:00 0 
7f68f4353000-7f68f8000000 ---p 00000000 00:00 0 
7f68f8000000-7f68f8021000 rw-p 00000000 00:00 0 
7f68f8021000-7f68fc000000 ---p 00000000 00:00 0 
7f68fc000000-7f68fc28b000 rw-p 00000000 00:00 0 
7f68fc28b000-7f6900000000 ---p 00000000 00:00 0 
7f6900000000-7f69001b9000 rw-p 00000000 00:00 0 
7f69001b9000-7f6904000000 ---p 00000000 00:00 0 
7f6904000000-7f6904050000 rw-p 00000000 00:00 0 
7f6904050000-7f6908000000 ---p 00000000 00:00 0 
7f6908000000-7f6908021000 rw-p 00000000 00:00 0 
7f6908021000-7f690c000000 ---p 00000000 00:00 0 
7f690c000000-7f690c021000 rw-p 00000000 00:00 0 
7f690c021000-7f6910000000 ---p 00000000 00:00 0 
7f6910000000-7f6910021000 rw-p 00000000 00:00 0 
7f6910021000-7f6914000000 ---p 00000000 00:00 0 
7f6914000000-7f6914021000 rw-p 00000000 00:00 0 
7f6914021000-7f6918000000 ---p 00000000 00:00 0 
7f6918000000-7f6918021000 rw-p 00000000 00:00 0 
7f6918021000-7f691c000000 ---p 00000000 00:00 0 
7f691c000000-7f691c03a000 rw-p 00000000 00:00 0 
7f691c03a000-7f6920000000 ---p 00000000 00:00 0 
7f6920470000-7f692c000000 rw-p 00000000 00:00 0 
7f692c000000-7f692c021000 rw-p 00000000 00:00 0 
7f692c021000-7f6930000000 ---p 00000000 00:00 0 
7f69315a7000-7f6931767000 rw-p 00000000 00:00 0 
7f6931767000-7f69317aa000 ---p 00000000 00:00 0 
7f69317aa000-7f6931aa8000 rw-p 00000000 00:00 0 
7f6931aa8000-7f6931abf000 r-xp 00000000 103:02 14291635                  /lib/x86_64-linux-gnu/libresolv-2.23.so
7f6931abf000-7f6931cbf000 ---p 00017000 103:02 14291635                  /lib/x86_64-linux-gnu/libresolv-2.23.so
7f6931cbf000-7f6931cc0000 r--p 00017000 103:02 14291635                  /lib/x86_64-linux-gnu/libresolv-2.23.so
7f6931cc0000-7f6931cc1000 rw-p 00018000 103:02 14291635                  /lib/x86_64-linux-gnu/libresolv-2.23.so
7f6931cc1000-7f6931cc3000 rw-p 00000000 00:00 0 
7f6931cc3000-7f6931cc8000 r-xp 00000000 103:02 14291641                  /lib/x86_64-linux-gnu/libnss_dns-2.23.so
7f6931cc8000-7f6931ec8000 ---p 00005000 103:02 14291641                  /lib/x86_64-linux-gnu/libnss_dns-2.23.so
7f6931ec8000-7f6931ec9000 r--p 00005000 103:02 14291641                  /lib/x86_64-linux-gnu/libnss_dns-2.23.so
7f6931ec9000-7f6931eca000 rw-p 00006000 103:02 14291641                  /lib/x86_64-linux-gnu/libnss_dns-2.23.so
7f6931eca000-7f6931ecc000 r-xp 00000000 103:02 14291435                  /lib/x86_64-linux-gnu/libnss_mdns4_minimal.so.2
7f6931ecc000-7f69320cb000 ---p 00002000 103:02 14291435                  /lib/x86_64-linux-gnu/libnss_mdns4_minimal.so.2
7f69320cb000-7f69320cc000 r--p 00001000 103:02 14291435                  /lib/x86_64-linux-gnu/libnss_mdns4_minimal.so.2
7f69320cc000-7f69320cd000 rw-p 00002000 103:02 14291435                  /lib/x86_64-linux-gnu/libnss_mdns4_minimal.so.2
7f69320f5000-7f69322f5000 rw-p 00000000 00:00 0 
7f69322f5000-7f693231d000 r-xp 00000000 103:02 28576357                  /usr/lib/jvm/java-8-openjdk-amd64/jre/lib/amd64/libsunec.so
7f693231d000-7f693251d000 ---p 00028000 103:02 28576357                  /usr/lib/jvm/java-8-openjdk-amd64/jre/lib/amd64/libsunec.so
7f693251d000-7f6932521000 r--p 00028000 103:02 28576357                  /usr/lib/jvm/java-8-openjdk-amd64/jre/lib/amd64/libsunec.so
7f6932521000-7f6932522000 rw-p 0002c000 103:02 28576357                  /usr/lib/jvm/java-8-openjdk-amd64/jre/lib/amd64/libsunec.so
7f6932522000-7f6932524000 r--s 00016000 103:02 28576343                  /usr/lib/jvm/java-8-openjdk-amd64/jre/lib/jce.jar
7f6932524000-7f6932529000 r--s 0009d000 103:02 28576313                  /usr/lib/jvm/java-8-openjdk-amd64/jre/lib/jsse.jar
7f6932529000-7f6932729000 rw-p 00000000 00:00 0 
7f6932729000-7f6932929000 rw-p 00000000 00:00 0 
7f6932929000-7f693293a000 r-xp 00000000 103:02 28576369                  /usr/lib/jvm/java-8-openjdk-amd64/jre/lib/amd64/libnio.so
7f693293a000-7f6932b3a000 ---p 00011000 103:02 28576369                  /usr/lib/jvm/java-8-openjdk-amd64/jre/lib/amd64/libnio.so
7f6932b3a000-7f6932b3b000 r--p 00011000 103:02 28576369                  /usr/lib/jvm/java-8-openjdk-amd64/jre/lib/amd64/libnio.so
7f6932b3b000-7f6932b3c000 rw-p 00012000 103:02 28576369                  /usr/lib/jvm/java-8-openjdk-amd64/jre/lib/amd64/libnio.so
7f6932b3c000-7f6932d3c000 rw-p 00000000 00:00 0 
7f6932d3c000-7f6932d53000 r-xp 00000000 103:02 28576349                  /usr/lib/jvm/java-8-openjdk-amd64/jre/lib/amd64/libnet.so
7f6932d53000-7f6932f52000 ---p 00017000 103:02 28576349                  /usr/lib/jvm/java-8-openjdk-amd64/jre/lib/amd64/libnet.so
7f6932f52000-7f6932f53000 r--p 00016000 103:02 28576349                  /usr/lib/jvm/java-8-openjdk-amd64/jre/lib/amd64/libnet.so
7f6932f53000-7f6932f54000 rw-p 00017000 103:02 28576349                  /usr/lib/jvm/java-8-openjdk-amd64/jre/lib/amd64/libnet.so
7f6932f54000-7f6932f5d000 r-xp 00000000 103:02 28576354                  /usr/lib/jvm/java-8-openjdk-amd64/jre/lib/amd64/libmanagement.so
7f6932f5d000-7f693315c000 ---p 00009000 103:02 28576354                  /usr/lib/jvm/java-8-openjdk-amd64/jre/lib/amd64/libmanagement.so
7f693315c000-7f693315d000 r--p 00008000 103:02 28576354                  /usr/lib/jvm/java-8-openjdk-amd64/jre/lib/amd64/libmanagement.so
7f693315d000-7f693315e000 rw-p 00009000 103:02 28576354                  /usr/lib/jvm/java-8-openjdk-amd64/jre/lib/amd64/libmanagement.so
7f693315e000-7f693315f000 ---p 00000000 00:00 0 
7f693315f000-7f693325f000 rw-p 00000000 00:00 0 
7f693325f000-7f6933262000 ---p 00000000 00:00 0 
7f6933262000-7f6933360000 rw-p 00000000 00:00 0 
7f6933360000-7f6933363000 ---p 00000000 00:00 0 
7f6933363000-7f6933461000 rw-p 00000000 00:00 0 
7f6933461000-7f6933464000 ---p 00000000 00:00 0 
7f6933464000-7f6933562000 rw-p 00000000 00:00 0 
7f6933562000-7f6933565000 ---p 00000000 00:00 0 
7f6933565000-7f6933663000 rw-p 00000000 00:00 0 
7f6933663000-7f693366a000 r--s 00064000 00:33 29367796                   /home/loskana/Sources/idea-IC-182.4129.33/lib/rt/debugger-agent.jar
7f693366a000-7f693366f000 r--s 00036000 00:33 7736342                    /home/loskana/.m2/repository/com/google/code/gson/gson/2.8.5/gson-2.8.5.jar
7f693366f000-7f6933696000 r--s 00240000 00:33 9182017                    /home/loskana/.m2/repository/net/sf/trove4j/trove4j/3.0.1/trove4j-3.0.1.jar
7f6933696000-7f693369a000 r--s 00015000 00:33 5767669                    /home/loskana/.m2/repository/com/github/virtuald/curvesapi/1.04/curvesapi-1.04.jar
7f693369a000-7f693369c000 r--s 00005000 00:33 5767667                    /home/loskana/.m2/repository/stax/stax-api/1.0.1/stax-api-1.0.1.jar
7f693369c000-7f69336da000 r--s 0025d000 00:33 5767663                    /home/loskana/.m2/repository/org/apache/xmlbeans/xmlbeans/2.6.0/xmlbeans-2.6.0.jar
7f69336da000-7f6933794000 r--s 004dd000 00:33 5767661                    /home/loskana/.m2/repository/org/apache/poi/poi-ooxml-schemas/3.15/poi-ooxml-schemas-3.15.jar
7f6933794000-7f69337a5000 r--s 00136000 00:33 5767660                    /home/loskana/.m2/repository/org/apache/poi/poi-ooxml/3.15/poi-ooxml-3.15.jar
7f69337a5000-7f69337b5000 r--s 000a8000 00:33 5767657                    /home/loskana/.m2/repository/org/apache/commons/commons-collections4/4.1/commons-collections4-4.1.jar
7f69337b5000-7f69337bc000 r--s 0003f000 00:33 5767655                    /home/loskana/.m2/repository/commons-codec/commons-codec/1.10/commons-codec-1.10.jar
7f69337bc000-7f69337e6000 r--s 0024c000 00:33 5767665                    /home/loskana/.m2/repository/org/apache/poi/poi/3.15/poi-3.15.jar
7f69337e6000-7f6933815000 r--s 00226000 00:33 5767631                    /home/loskana/.m2/repository/com/google/guava/guava/20.0-rc1/guava-20.0-rc1.jar
7f6933815000-7f6933824000 r--s 0007f000 00:33 5767653                    /home/loskana/.m2/repository/joda-time/joda-time/2.3/joda-time-2.3.jar
7f6933824000-7f6933828000 r--s 00038000 00:33 5767650                    /home/loskana/.m2/repository/commons-lang/commons-lang/2.2/commons-lang-2.2.jar
7f6933828000-7f693382b000 r--s 00025000 00:33 5767648                    /home/loskana/.m2/repository/commons-io/commons-io/2.1/commons-io-2.1.jar
7f693382b000-7f693382c000 r--s 0000c000 00:33 5767646                    /home/loskana/.m2/repository/commons-cli/commons-cli/1.3.1/commons-cli-1.3.1.jar
7f693382c000-7f693382d000 r--s 0000c000 00:33 5767642                    /home/loskana/.m2/repository/org/ow2/asm/asm/5.0.3/asm-5.0.3.jar
7f693382d000-7f693382f000 r--s 00012000 00:33 5767624                    /home/loskana/.m2/repository/net/minidev/accessors-smart/1.1/accessors-smart-1.1.jar
7f693382f000-7f6933832000 r--s 0001b000 00:33 5767639                    /home/loskana/.m2/repository/net/minidev/json-smart/2.2.1/json-smart-2.2.1.jar
7f6933832000-7f6933837000 r--s 0002e000 00:33 5767633                    /home/loskana/.m2/repository/com/jayway/jsonpath/json-path/2.2.0/json-path-2.2.0.jar
7f6933837000-7f6933848000 r--s 000b9000 00:33 5767628                    /home/loskana/.m2/repository/org/apache/logging/log4j/log4j-core/2.3/log4j-core-2.3.jar
7f6933848000-7f693384c000 r--s 0001e000 00:33 5767611                    /home/loskana/.m2/repository/org/apache/logging/log4j/log4j-api/2.3/log4j-api-2.3.jar
7f693384c000-7f693384e000 r--s 00008000 00:33 5767593                    /home/loskana/.m2/repository/com/fasterxml/jackson/core/jackson-annotations/2.5.4/jackson-annotations-2.5.4.jar
7f693384e000-7f693384f000 r--s 00007000 00:33 5767632                    /home/loskana/.m2/repository/com/fasterxml/jackson/module/jackson-module-jaxb-annotations/2.5.4/jackson-module-jaxb-annotations-2.5.4.jar
7f693384f000-7f6933851000 r--s 00003000 00:33 5767598                    /home/loskana/.m2/repository/com/fasterxml/jackson/jaxrs/jackson-jaxrs-json-provider/2.5.4/jackson-jaxrs-json-provider-2.5.4.jar
7f6933851000-7f6933863000 r--s 00106000 00:33 5767635                    /home/loskana/.m2/repository/com/fasterxml/jackson/core/jackson-databind/2.5.4/jackson-databind-2.5.4.jar
7f6933863000-7f6933867000 r--s 00035000 00:33 5767621                    /home/loskana/.m2/repository/com/fasterxml/jackson/core/jackson-core/2.5.4/jackson-core-2.5.4.jar
7f6933867000-7f6933869000 r--s 00006000 00:33 5767626                    /home/loskana/.m2/repository/com/fasterxml/jackson/jaxrs/jackson-jaxrs-base/2.5.4/jackson-jaxrs-base-2.5.4.jar
7f6933869000-7f693386c000 r--s 0000f000 00:33 5767618                    /home/loskana/.m2/repository/org/glassfish/jersey/ext/jersey-entity-filtering/2.22.1/jersey-entity-filtering-2.22.1.jar
7f693386c000-7f693386e000 r--s 00004000 00:33 5767602                    /home/loskana/.m2/repository/org/glassfish/jersey/media/jersey-media-json-jackson/2.22.1/jersey-media-json-jackson-2.22.1.jar
7f693386e000-7f6933878000 r--s 000a5000 00:33 5767605                    /home/loskana/.m2/repository/org/javassist/javassist/3.18.1-GA/javassist-3.18.1-GA.jar
7f6933878000-7f693387b000 r--s 00029000 00:33 5767612                    /home/loskana/.m2/repository/org/glassfish/hk2/hk2-locator/2.4.0-b31/hk2-locator-2.4.0-b31.jar
7f693387b000-7f693387c000 r--s 00001000 00:33 5767617                    /home/loskana/.m2/repository/org/glassfish/hk2/external/javax.inject/2.4.0-b31/javax.inject-2.4.0-b31.jar
7f693387c000-7f693387e000 r--s 00002000 00:33 5767614                    /home/loskana/.m2/repository/org/glassfish/hk2/external/aopalliance-repackaged/2.4.0-b31/aopalliance-repackaged-2.4.0-b31.jar
7f693387e000-7f6933881000 r--s 00016000 00:33 5767600                    /home/loskana/.m2/repository/org/glassfish/hk2/hk2-utils/2.4.0-b31/hk2-utils-2.4.0-b31.jar
7f6933881000-7f6933886000 r--s 00026000 00:33 5767599                    /home/loskana/.m2/repository/org/glassfish/hk2/hk2-api/2.4.0-b31/hk2-api-2.4.0-b31.jar
7f6933886000-7f6933887000 r--s 00004000 00:33 5767604                    /home/loskana/.m2/repository/org/glassfish/hk2/osgi-resource-locator/1.0.1/osgi-resource-locator-1.0.1.jar
7f6933887000-7f693389f000 r--s 000d6000 00:33 5767596                    /home/loskana/.m2/repository/org/glassfish/jersey/bundles/repackaged/jersey-guava/2.22.1/jersey-guava-2.22.1.jar
7f693389f000-7f69338a1000 r--s 00005000 00:33 5767589                    /home/loskana/.m2/repository/javax/annotation/javax.annotation-api/1.2/javax.annotation-api-1.2.jar
7f69338a1000-7f69338af000 r--s 0009c000 00:33 5767606                    /home/loskana/.m2/repository/org/glassfish/jersey/core/jersey-common/2.22.1/jersey-common-2.22.1.jar
7f69338af000-7f69338b3000 r--s 00019000 00:33 5767613                    /home/loskana/.m2/repository/javax/ws/rs/javax.ws.rs-api/2.0.1/javax.ws.rs-api-2.0.1.jar
7f69338b3000-7f69338b7000 r--s 00024000 00:33 5767588                    /home/loskana/.m2/repository/org/glassfish/jersey/core/jersey-client/2.22.1/jersey-client-2.22.1.jar
7f69338b7000-7f69338bf000 r--s 0007b000 00:33 5767586                    /home/loskana/.m2/repository/com/google/protobuf/protobuf-java/2.5.0/protobuf-java-2.5.0.jar
7f69338bf000-7f69338c1000 r--s 00005000 00:33 5767583                    /home/loskana/.m2/repository/xpp3/xpp3_min/1.1.4c/xpp3_min-1.1.4c.jar
7f69338c1000-7f69338ce000 r--s 00075000 00:33 5638114                    /home/loskana/.m2/repository/com/thoughtworks/xstream/xstream/1.4.7/xstream-1.4.7.jar
7f69338ce000-7f69338dd000 r--s 001b0000 00:33 5638106                    /home/loskana/.m2/repository/org/eclipse/jdt/core/compiler/ecj/4.3.1/ecj-4.3.1.jar
7f69338dd000-7f69338e0000 r--s 00026000 00:33 5638103                    /home/loskana/.m2/repository/org/antlr/antlr-runtime/3.5/antlr-runtime-3.5.jar
7f69338e0000-7f69338f6000 r--s 00167000 00:33 5638091                    /home/loskana/.m2/repository/org/drools/drools-compiler/6.1.0.Final/drools-compiler-6.1.0.Final.jar
7f69338f6000-7f69338f9000 ---p 00000000 00:00 0 
7f69338f9000-7f69339f7000 rw-p 00000000 00:00 0 
7f69339f7000-7f69339fa000 ---p 00000000 00:00 0 
7f69339fa000-7f6933af8000 rw-p 00000000 00:00 0 
7f6933af8000-7f6933afb000 ---p 00000000 00:00 0 
7f6933afb000-7f6933bf9000 rw-p 00000000 00:00 0 
7f6933bf9000-7f6933bfd000 r-xp 00000000 103:02 28576373                  /usr/lib/jvm/java-8-openjdk-amd64/jre/lib/amd64/libdt_socket.so
7f6933bfd000-7f6933dfc000 ---p 00004000 103:02 28576373                  /usr/lib/jvm/java-8-openjdk-amd64/jre/lib/amd64/libdt_socket.so
7f6933dfc000-7f6933dfd000 r--p 00003000 103:02 28576373                  /usr/lib/jvm/java-8-openjdk-amd64/jre/lib/amd64/libdt_socket.so
7f6933dfd000-7f6933dfe000 rw-p 00004000 103:02 28576373                  /usr/lib/jvm/java-8-openjdk-amd64/jre/lib/amd64/libdt_socket.so
7f6933dfe000-7f6933e01000 ---p 00000000 00:00 0 
7f6933e01000-7f6933eff000 rw-p 00000000 00:00 0 
7f6933eff000-7f6933f02000 ---p 00000000 00:00 0 
7f6933f02000-7f6934000000 rw-p 00000000 00:00 0 
7f6934000000-7f6934021000 rw-p 00000000 00:00 0 
7f6934021000-7f6938000000 ---p 00000000 00:00 0 
7f6938000000-7f6938021000 rw-p 00000000 00:00 0 
7f6938021000-7f693c000000 ---p 00000000 00:00 0 
7f693c000000-7f693c021000 rw-p 00000000 00:00 0 
7f693c021000-7f6940000000 ---p 00000000 00:00 0 
7f6940000000-7f6940001000 r--s 00001000 00:33 5767581                    /home/loskana/.m2/repository/xmlpull/xmlpull/1.1.3.1/xmlpull-1.1.3.1.jar
7f6940001000-7f694000a000 r--s 0002d000 00:33 5638105                    /home/loskana/.m2/repository/org/kie/kie-internal/6.1.0.Final/kie-internal-6.1.0.Final.jar
7f694000a000-7f6940012000 r--s 0001b000 00:33 5638109                    /home/loskana/.m2/repository/org/kie/kie-api/6.1.0.Final/kie-api-6.1.0.Final.jar
7f6940012000-7f6940022000 r--s 000e8000 00:33 5638113                    /home/loskana/.m2/repository/org/mvel/mvel2/2.2.1.Final/mvel2-2.2.1.Final.jar
7f6940022000-7f6940055000 r--s 002fb000 00:33 5638116                    /home/loskana/.m2/repository/org/drools/drools-core/6.1.0.Final/drools-core-6.1.0.Final.jar
7f6940055000-7f6940057000 r--s 0000d000 00:33 5638092                    /home/loskana/.m2/repository/org/drools/drools-templates/6.1.0.Final/drools-templates-6.1.0.Final.jar
7f6940057000-7f694005f000 r--s 00045000 00:33 5638086                    /home/loskana/.m2/repository/junit/junit/4.12/junit-4.12.jar
7f694005f000-7f6940072000 r--s 00346000 103:02 28576315                  /usr/lib/jvm/java-8-openjdk-amd64/jre/lib/resources.jar
7f6940072000-7f694008d000 r--s 00394000 103:02 28576333                  /usr/lib/jvm/java-8-openjdk-amd64/jre/lib/ext/cldrdata.jar
7f694008d000-7f69400a8000 r--s 001d6000 103:02 28576331                  /usr/lib/jvm/java-8-openjdk-amd64/jre/lib/ext/nashorn.jar
7f69400a8000-7f69400ab000 ---p 00000000 00:00 0 
7f69400ab000-7f69401a9000 rw-p 00000000 00:00 0 
7f69401a9000-7f69401aa000 ---p 00000000 00:00 0 
7f69401aa000-7f6941207000 rw-p 00000000 00:00 0 
7f6941207000-7f69413d6000 r--s 03c32000 103:02 28576314                  /usr/lib/jvm/java-8-openjdk-amd64/jre/lib/rt.jar
7f69413d6000-7f694278f000 rw-p 00000000 00:00 0 
7f694278f000-7f6942790000 ---p 00000000 00:00 0 
7f6942790000-7f6942890000 rw-p 00000000 00:00 0 
7f6942890000-7f6942891000 ---p 00000000 00:00 0 
7f6942891000-7f6942991000 rw-p 00000000 00:00 0 
7f6942991000-7f6942992000 ---p 00000000 00:00 0 
7f6942992000-7f6942a92000 rw-p 00000000 00:00 0 
7f6942a92000-7f6942a93000 ---p 00000000 00:00 0 
7f6942a93000-7f6942c0c000 rw-p 00000000 00:00 0 
7f6942c0c000-7f6943364000 ---p 00000000 00:00 0 
7f6943364000-7f69433dd000 rw-p 00000000 00:00 0 
7f69433dd000-7f6943b34000 ---p 00000000 00:00 0 
7f6943b34000-7f6943b9f000 rw-p 00000000 00:00 0 
7f6943b9f000-7f6943f1d000 ---p 00000000 00:00 0 
7f6943f1d000-7f6943f2c000 rw-p 00000000 00:00 0 
7f6943f2c000-7f69442de000 ---p 00000000 00:00 0 
7f69442de000-7f694464e000 rwxp 00000000 00:00 0 
7f694464e000-7f69532de000 ---p 00000000 00:00 0 
7f69532de000-7f69532e6000 r-xp 00000000 103:02 28576362                  /usr/lib/jvm/java-8-openjdk-amd64/jre/lib/amd64/libzip.so
7f69532e6000-7f69534e5000 ---p 00008000 103:02 28576362                  /usr/lib/jvm/java-8-openjdk-amd64/jre/lib/amd64/libzip.so
7f69534e5000-7f69534e6000 r--p 00007000 103:02 28576362                  /usr/lib/jvm/java-8-openjdk-amd64/jre/lib/amd64/libzip.so
7f69534e6000-7f69534e7000 rw-p 00008000 103:02 28576362                  /usr/lib/jvm/java-8-openjdk-amd64/jre/lib/amd64/libzip.so
7f69534e7000-7f69534f2000 r-xp 00000000 103:02 14291644                  /lib/x86_64-linux-gnu/libnss_files-2.23.so
7f69534f2000-7f69536f1000 ---p 0000b000 103:02 14291644                  /lib/x86_64-linux-gnu/libnss_files-2.23.so
7f69536f1000-7f69536f2000 r--p 0000a000 103:02 14291644                  /lib/x86_64-linux-gnu/libnss_files-2.23.so
7f69536f2000-7f69536f3000 rw-p 0000b000 103:02 14291644                  /lib/x86_64-linux-gnu/libnss_files-2.23.so
7f69536f3000-7f69536f9000 rw-p 00000000 00:00 0 
7f69536f9000-7f6953704000 r-xp 00000000 103:02 14291648                  /lib/x86_64-linux-gnu/libnss_nis-2.23.so
7f6953704000-7f6953903000 ---p 0000b000 103:02 14291648                  /lib/x86_64-linux-gnu/libnss_nis-2.23.so
7f6953903000-7f6953904000 r--p 0000a000 103:02 14291648                  /lib/x86_64-linux-gnu/libnss_nis-2.23.so
7f6953904000-7f6953905000 rw-p 0000b000 103:02 14291648                  /lib/x86_64-linux-gnu/libnss_nis-2.23.so
7f6953905000-7f695391b000 r-xp 00000000 103:02 14286874                  /lib/x86_64-linux-gnu/libnsl-2.23.so
7f695391b000-7f6953b1a000 ---p 00016000 103:02 14286874                  /lib/x86_64-linux-gnu/libnsl-2.23.so
7f6953b1a000-7f6953b1b000 r--p 00015000 103:02 14286874                  /lib/x86_64-linux-gnu/libnsl-2.23.so
7f6953b1b000-7f6953b1c000 rw-p 00016000 103:02 14286874                  /lib/x86_64-linux-gnu/libnsl-2.23.so
7f6953b1c000-7f6953b1e000 rw-p 00000000 00:00 0 
7f6953b1e000-7f6953b26000 r-xp 00000000 103:02 14291639                  /lib/x86_64-linux-gnu/libnss_compat-2.23.so
7f6953b26000-7f6953d25000 ---p 00008000 103:02 14291639                  /lib/x86_64-linux-gnu/libnss_compat-2.23.so
7f6953d25000-7f6953d26000 r--p 00007000 103:02 14291639                  /lib/x86_64-linux-gnu/libnss_compat-2.23.so
7f6953d26000-7f6953d27000 rw-p 00008000 103:02 14291639                  /lib/x86_64-linux-gnu/libnss_compat-2.23.so
7f6953d27000-7f6954000000 r--p 00000000 103:02 28575440                  /usr/lib/locale/locale-archive
7f6954000000-7f6954af7000 rw-p 00000000 00:00 0 
7f6954af7000-7f6958000000 ---p 00000000 00:00 0 
7f6958000000-7f6958002000 r--s 00009000 00:33 5638094                    /home/loskana/.m2/repository/org/slf4j/slf4j-api/1.7.21/slf4j-api-1.7.21.jar
7f6958002000-7f6958003000 r--s 00002000 00:33 5638090                    /home/loskana/.m2/repository/org/slf4j/slf4j-simple/1.7.21/slf4j-simple-1.7.21.jar
7f6958003000-7f6958005000 r--s 00009000 00:33 5638088                    /home/loskana/.m2/repository/org/hamcrest/hamcrest-core/1.3/hamcrest-core-1.3.jar
7f6958005000-7f6958006000 r--s 00000000 103:02 28576342                  /usr/lib/jvm/java-8-openjdk-amd64/jre/lib/management-agent.jar
7f6958006000-7f695800b000 r--s 0009d000 103:02 28576313                  /usr/lib/jvm/java-8-openjdk-amd64/jre/lib/jsse.jar
7f695800b000-7f695800d000 r--s 00016000 103:02 28576343                  /usr/lib/jvm/java-8-openjdk-amd64/jre/lib/jce.jar
7f695800d000-7f6958012000 r--s 002f9000 103:02 28576392                  /usr/lib/jvm/java-8-openjdk-amd64/jre/lib/charsets.jar
7f6958012000-7f6958014000 r--s 00008000 00:33 5770667                    /home/loskana/Sources/idea-IC-182.4129.33/plugins/junit/lib/junit5-rt.jar
7f6958014000-7f6958016000 r--s 00020000 00:33 5770665                    /home/loskana/Sources/idea-IC-182.4129.33/plugins/junit/lib/junit-rt.jar
7f6958016000-7f6958018000 r--s 0001a000 00:33 29367706                   /home/loskana/Sources/idea-IC-182.4129.33/lib/idea_rt.jar
7f6958018000-7f695808e000 rw-p 00000000 00:00 0 
7f695808e000-7f6958098000 r-xp 00000000 103:02 28576351                  /usr/lib/jvm/java-8-openjdk-amd64/jre/lib/amd64/libinstrument.so
7f6958098000-7f6958297000 ---p 0000a000 103:02 28576351                  /usr/lib/jvm/java-8-openjdk-amd64/jre/lib/amd64/libinstrument.so
7f6958297000-7f6958298000 r--p 00009000 103:02 28576351                  /usr/lib/jvm/java-8-openjdk-amd64/jre/lib/amd64/libinstrument.so
7f6958298000-7f6958299000 rw-p 0000a000 103:02 28576351                  /usr/lib/jvm/java-8-openjdk-amd64/jre/lib/amd64/libinstrument.so
7f6958299000-7f695829b000 r-xp 00000000 103:02 28576374                  /usr/lib/jvm/java-8-openjdk-amd64/jre/lib/amd64/libnpt.so
7f695829b000-7f695849b000 ---p 00002000 103:02 28576374                  /usr/lib/jvm/java-8-openjdk-amd64/jre/lib/amd64/libnpt.so
7f695849b000-7f695849c000 r--p 00002000 103:02 28576374                  /usr/lib/jvm/java-8-openjdk-amd64/jre/lib/amd64/libnpt.so
7f695849c000-7f695849d000 rw-p 00003000 103:02 28576374                  /usr/lib/jvm/java-8-openjdk-amd64/jre/lib/amd64/libnpt.so
7f695849d000-7f69584d8000 r-xp 00000000 103:02 28576371                  /usr/lib/jvm/java-8-openjdk-amd64/jre/lib/amd64/libjdwp.so
7f69584d8000-7f69586d8000 ---p 0003b000 103:02 28576371                  /usr/lib/jvm/java-8-openjdk-amd64/jre/lib/amd64/libjdwp.so
7f69586d8000-7f69586d9000 r--p 0003b000 103:02 28576371                  /usr/lib/jvm/java-8-openjdk-amd64/jre/lib/amd64/libjdwp.so
7f69586d9000-7f69586da000 rw-p 0003c000 103:02 28576371                  /usr/lib/jvm/java-8-openjdk-amd64/jre/lib/amd64/libjdwp.so
7f69586da000-7f6958707000 r-xp 00000000 103:02 28576379                  /usr/lib/jvm/java-8-openjdk-amd64/jre/lib/amd64/libjava.so
7f6958707000-7f6958906000 ---p 0002d000 103:02 28576379                  /usr/lib/jvm/java-8-openjdk-amd64/jre/lib/amd64/libjava.so
7f6958906000-7f6958907000 r--p 0002c000 103:02 28576379                  /usr/lib/jvm/java-8-openjdk-amd64/jre/lib/amd64/libjava.so
7f6958907000-7f6958909000 rw-p 0002d000 103:02 28576379                  /usr/lib/jvm/java-8-openjdk-amd64/jre/lib/amd64/libjava.so
7f6958909000-7f6958918000 r-xp 00000000 103:02 28576367                  /usr/lib/jvm/java-8-openjdk-amd64/jre/lib/amd64/libverify.so
7f6958918000-7f6958b17000 ---p 0000f000 103:02 28576367                  /usr/lib/jvm/java-8-openjdk-amd64/jre/lib/amd64/libverify.so
7f6958b17000-7f6958b19000 r--p 0000e000 103:02 28576367                  /usr/lib/jvm/java-8-openjdk-amd64/jre/lib/amd64/libverify.so
7f6958b19000-7f6958b1a000 rw-p 00010000 103:02 28576367                  /usr/lib/jvm/java-8-openjdk-amd64/jre/lib/amd64/libverify.so
7f6958b1a000-7f6958b21000 r-xp 00000000 103:02 14291649                  /lib/x86_64-linux-gnu/librt-2.23.so
7f6958b21000-7f6958d20000 ---p 00007000 103:02 14291649                  /lib/x86_64-linux-gnu/librt-2.23.so
7f6958d20000-7f6958d21000 r--p 00006000 103:02 14291649                  /lib/x86_64-linux-gnu/librt-2.23.so
7f6958d21000-7f6958d22000 rw-p 00007000 103:02 14291649                  /lib/x86_64-linux-gnu/librt-2.23.so
7f6958d22000-7f6958d38000 r-xp 00000000 103:02 14291368                  /lib/x86_64-linux-gnu/libgcc_s.so.1
7f6958d38000-7f6958f37000 ---p 00016000 103:02 14291368                  /lib/x86_64-linux-gnu/libgcc_s.so.1
7f6958f37000-7f6958f38000 rw-p 00015000 103:02 14291368                  /lib/x86_64-linux-gnu/libgcc_s.so.1
7f6958f38000-7f6959040000 r-xp 00000000 103:02 14286863                  /lib/x86_64-linux-gnu/libm-2.23.so
7f6959040000-7f695923f000 ---p 00108000 103:02 14286863                  /lib/x86_64-linux-gnu/libm-2.23.so
7f695923f000-7f6959240000 r--p 00107000 103:02 14286863                  /lib/x86_64-linux-gnu/libm-2.23.so
7f6959240000-7f6959241000 rw-p 00108000 103:02 14286863                  /lib/x86_64-linux-gnu/libm-2.23.so
7f6959241000-7f69593b3000 r-xp 00000000 103:02 28578012                  /usr/lib/x86_64-linux-gnu/libstdc++.so.6.0.21
7f69593b3000-7f69595b3000 ---p 00172000 103:02 28578012                  /usr/lib/x86_64-linux-gnu/libstdc++.so.6.0.21
7f69595b3000-7f69595bd000 r--p 00172000 103:02 28578012                  /usr/lib/x86_64-linux-gnu/libstdc++.so.6.0.21
7f69595bd000-7f69595bf000 rw-p 0017c000 103:02 28578012                  /usr/lib/x86_64-linux-gnu/libstdc++.so.6.0.21
7f69595bf000-7f69595c3000 rw-p 00000000 00:00 0 
7f69595c3000-7f695a220000 r-xp 00000000 103:02 28576345                  /usr/lib/jvm/java-8-openjdk-amd64/jre/lib/amd64/server/libjvm.so
7f695a220000-7f695a420000 ---p 00c5d000 103:02 28576345                  /usr/lib/jvm/java-8-openjdk-amd64/jre/lib/amd64/server/libjvm.so
7f695a420000-7f695a4b4000 r--p 00c5d000 103:02 28576345                  /usr/lib/jvm/java-8-openjdk-amd64/jre/lib/amd64/server/libjvm.so
7f695a4b4000-7f695a4dd000 rw-p 00cf1000 103:02 28576345                  /usr/lib/jvm/java-8-openjdk-amd64/jre/lib/amd64/server/libjvm.so
7f695a4dd000-7f695a50d000 rw-p 00000000 00:00 0 
7f695a50d000-7f695a525000 r-xp 00000000 103:02 14291452                  /lib/x86_64-linux-gnu/libpthread-2.23.so
7f695a525000-7f695a724000 ---p 00018000 103:02 14291452                  /lib/x86_64-linux-gnu/libpthread-2.23.so
7f695a724000-7f695a725000 r--p 00017000 103:02 14291452                  /lib/x86_64-linux-gnu/libpthread-2.23.so
7f695a725000-7f695a726000 rw-p 00018000 103:02 14291452                  /lib/x86_64-linux-gnu/libpthread-2.23.so
7f695a726000-7f695a72a000 rw-p 00000000 00:00 0 
7f695a72a000-7f695a72d000 r-xp 00000000 103:02 14291633                  /lib/x86_64-linux-gnu/libdl-2.23.so
7f695a72d000-7f695a92c000 ---p 00003000 103:02 14291633                  /lib/x86_64-linux-gnu/libdl-2.23.so
7f695a92c000-7f695a92d000 r--p 00002000 103:02 14291633                  /lib/x86_64-linux-gnu/libdl-2.23.so
7f695a92d000-7f695a92e000 rw-p 00003000 103:02 14291633                  /lib/x86_64-linux-gnu/libdl-2.23.so
7f695a92e000-7f695a947000 r-xp 00000000 103:02 14291521                  /lib/x86_64-linux-gnu/libz.so.1.2.8
7f695a947000-7f695ab46000 ---p 00019000 103:02 14291521                  /lib/x86_64-linux-gnu/libz.so.1.2.8
7f695ab46000-7f695ab47000 r--p 00018000 103:02 14291521                  /lib/x86_64-linux-gnu/libz.so.1.2.8
7f695ab47000-7f695ab48000 rw-p 00019000 103:02 14291521                  /lib/x86_64-linux-gnu/libz.so.1.2.8
7f695ab48000-7f695ad08000 r-xp 00000000 103:02 14291631                  /lib/x86_64-linux-gnu/libc-2.23.so
7f695ad08000-7f695af08000 ---p 001c0000 103:02 14291631                  /lib/x86_64-linux-gnu/libc-2.23.so
7f695af08000-7f695af0c000 r--p 001c0000 103:02 14291631                  /lib/x86_64-linux-gnu/libc-2.23.so
7f695af0c000-7f695af0e000 rw-p 001c4000 103:02 14291631                  /lib/x86_64-linux-gnu/libc-2.23.so
7f695af0e000-7f695af12000 rw-p 00000000 00:00 0 
7f695af12000-7f695af1f000 r-xp 00000000 103:02 28576364                  /usr/lib/jvm/java-8-openjdk-amd64/jre/lib/amd64/jli/libjli.so
7f695af1f000-7f695b11f000 ---p 0000d000 103:02 28576364                  /usr/lib/jvm/java-8-openjdk-amd64/jre/lib/amd64/jli/libjli.so
7f695b11f000-7f695b120000 r--p 0000d000 103:02 28576364                  /usr/lib/jvm/java-8-openjdk-amd64/jre/lib/amd64/jli/libjli.so
7f695b120000-7f695b121000 rw-p 0000e000 103:02 28576364                  /usr/lib/jvm/java-8-openjdk-amd64/jre/lib/amd64/jli/libjli.so
7f695b121000-7f695b147000 r-xp 00000000 103:02 14291451                  /lib/x86_64-linux-gnu/ld-2.23.so
7f695b147000-7f695b218000 rw-p 00000000 00:00 0 
7f695b218000-7f695b21b000 ---p 00000000 00:00 0 
7f695b21b000-7f695b31d000 rw-p 00000000 00:00 0 
7f695b31d000-7f695b31e000 r--s 0000a000 103:02 28576340                  /usr/lib/jvm/java-8-openjdk-amd64/jre/lib/ext/jaccess.jar
7f695b31e000-7f695b321000 r--s 00038000 103:02 28576334                  /usr/lib/jvm/java-8-openjdk-amd64/jre/lib/ext/sunpkcs11.jar
7f695b321000-7f695b323000 r--s 00008000 103:02 28576339                  /usr/lib/jvm/java-8-openjdk-amd64/jre/lib/ext/sunec.jar
7f695b323000-7f695b329000 r--s 0003b000 103:02 28576338                  /usr/lib/jvm/java-8-openjdk-amd64/jre/lib/ext/sunjce_provider.jar
7f695b329000-7f695b32a000 r--s 00010000 103:02 28576336                  /usr/lib/jvm/java-8-openjdk-amd64/jre/lib/ext/zipfs.jar
7f695b32a000-7f695b32d000 r--s 0000f000 103:02 28576329                  /usr/lib/jvm/java-8-openjdk-amd64/jre/lib/ext/icedtea-sound.jar
7f695b32d000-7f695b32f000 r--s 00001000 103:02 28576335                  /usr/lib/jvm/java-8-openjdk-amd64/jre/lib/ext/dnsns.jar
7f695b32f000-7f695b339000 r--s 00116000 103:02 28576337                  /usr/lib/jvm/java-8-openjdk-amd64/jre/lib/ext/localedata.jar
7f695b339000-7f695b33b000 r--s 00001000 00:33 29367795                   /home/loskana/Sources/idea-IC-182.4129.33/lib/rt/debugger-agent-storage.jar
7f695b33b000-7f695b343000 rw-s 00000000 103:02 16384105                  /tmp/hsperfdata_loskana/13543
7f695b343000-7f695b344000 rw-p 00000000 00:00 0 
7f695b344000-7f695b345000 ---p 00000000 00:00 0 
7f695b345000-7f695b346000 rw-p 00000000 00:00 0 
7f695b346000-7f695b347000 r--p 00025000 103:02 14291451                  /lib/x86_64-linux-gnu/ld-2.23.so
7f695b347000-7f695b348000 rw-p 00026000 103:02 14291451                  /lib/x86_64-linux-gnu/ld-2.23.so
7f695b348000-7f695b349000 rw-p 00000000 00:00 0 
7ffeffb06000-7ffeffb29000 rw-p 00000000 00:00 0                          [stack]
7ffeffb32000-7ffeffb35000 r--p 00000000 00:00 0                          [vvar]
7ffeffb35000-7ffeffb37000 r-xp 00000000 00:00 0                          [vdso]
ffffffffff600000-ffffffffff601000 r-xp 00000000 00:00 0                  [vsyscall]

VM Arguments:
jvm_args: -agentlib:jdwp=transport=dt_socket,address=127.0.0.1:45125,suspend=y,server=n -ea -Didea.test.cyclic.buffer.size=1048576 -javaagent:/home/loskana/Sources/idea-IC-182.4129.33/lib/rt/debugger-agent.jar=file:/tmp/capture.props -Dfile.encoding=UTF-8 
java_command: com.intellij.rt.execution.junit.JUnitStarter -ideVersion5 -junit4 eu.fbk.das.rs.RecommendationSystemTest,testRecommendationForecast
java_class_path (initial): /home/loskana/Sources/idea-IC-182.4129.33/lib/idea_rt.jar:/home/loskana/Sources/idea-IC-182.4129.33/plugins/junit/lib/junit-rt.jar:/home/loskana/Sources/idea-IC-182.4129.33/plugins/junit/lib/junit5-rt.jar:/usr/lib/jvm/java-8-openjdk-amd64/jre/lib/charsets.jar:/usr/lib/jvm/java-8-openjdk-amd64/jre/lib/ext/cldrdata.jar:/usr/lib/jvm/java-8-openjdk-amd64/jre/lib/ext/dnsns.jar:/usr/lib/jvm/java-8-openjdk-amd64/jre/lib/ext/icedtea-sound.jar:/usr/lib/jvm/java-8-openjdk-amd64/jre/lib/ext/jaccess.jar:/usr/lib/jvm/java-8-openjdk-amd64/jre/lib/ext/localedata.jar:/usr/lib/jvm/java-8-openjdk-amd64/jre/lib/ext/nashorn.jar:/usr/lib/jvm/java-8-openjdk-amd64/jre/lib/ext/sunec.jar:/usr/lib/jvm/java-8-openjdk-amd64/jre/lib/ext/sunjce_provider.jar:/usr/lib/jvm/java-8-openjdk-amd64/jre/lib/ext/sunpkcs11.jar:/usr/lib/jvm/java-8-openjdk-amd64/jre/lib/ext/zipfs.jar:/usr/lib/jvm/java-8-openjdk-amd64/jre/lib/jce.jar:/usr/lib/jvm/java-8-openjdk-amd64/jre/lib/jsse.jar:/usr/lib/jvm/java-8-openjdk-amd64/jre/lib/management-agent.jar:/usr/lib/jvm/java-8-openjdk-amd64/jre/lib/resources.jar:/usr/lib/jvm/java-8-openjdk-amd64/jre/lib/rt.jar:/home/loskana/Documents/gam/game-engine.challenge-gen/target/test-classes:/home/loskana/Documents/gam/game-engine.challenge-gen/target/classes:/home/loskana/.m2/repository/junit/junit/4.12/junit-4.12.jar:/home/loskana/.m2/repository/org/hamcrest/hamcrest-core/1.3/hamcrest-core-1.3.jar:/home/loskana/.m2/repository/org/slf4j/slf4j-simple/1.7.21/slf4j-simple-1.7.21.jar:/home/loskana/.m2/repository/org/slf4j/slf4j-api/1.7.21/slf4j-api-1.7.21.jar:/home/loskana/.m2/repository/org/drools/drools-templates/6.1.0.Final/drools-templates-6.1.0.Final.jar:/home/loskana/.m2/repository/org/drools/drools-core/6.1.0.Final/drools-core-6.1.0.Final.jar:/home/loskana/.m2/repository/org/mvel/mvel2/2.2.1.Final/mvel2-2.2.1.Final.jar:/home/loskana/.m2/repository/org/kie/kie-api/6.1.0.Final/kie-api-6.1.0.Final.jar:/home/loskana/.m2/repository/org/kie/kie-internal
Launcher Type: SUN_STANDARD

Environment Variables:
PATH=/home/loskana/bin:/home/loskana/.local/bin:/usr/local/sbin:/usr/local/bin:/usr/sbin:/usr/bin:/sbin:/bin:/usr/games:/usr/local/games:/snap/bin
SHELL=/bin/bash
DISPLAY=:0

Signal Handlers:
SIGSEGV: [libjvm.so+0xa71a30], sa_mask[0]=11111111011111111101111111111110, sa_flags=SA_RESTART|SA_SIGINFO
SIGBUS: [libjvm.so+0xa71a30], sa_mask[0]=11111111011111111101111111111110, sa_flags=SA_RESTART|SA_SIGINFO
SIGFPE: [libjvm.so+0x8b8f40], sa_mask[0]=11111111011111111101111111111110, sa_flags=SA_RESTART|SA_SIGINFO
SIGPIPE: [libjvm.so+0x8b8f40], sa_mask[0]=11111111011111111101111111111110, sa_flags=SA_RESTART|SA_SIGINFO
SIGXFSZ: [libjvm.so+0x8b8f40], sa_mask[0]=11111111011111111101111111111110, sa_flags=SA_RESTART|SA_SIGINFO
SIGILL: [libjvm.so+0x8b8f40], sa_mask[0]=11111111011111111101111111111110, sa_flags=SA_RESTART|SA_SIGINFO
SIGUSR1: SIG_DFL, sa_mask[0]=00000000000000000000000000000000, sa_flags=none
SIGUSR2: [libjvm.so+0x8b8df0], sa_mask[0]=00100000000000000000000000000000, sa_flags=SA_RESTART|SA_SIGINFO
SIGHUP: [libjvm.so+0x8b92c0], sa_mask[0]=11111111011111111101111111111110, sa_flags=SA_RESTART|SA_SIGINFO
SIGINT: [libjvm.so+0x8b92c0], sa_mask[0]=11111111011111111101111111111110, sa_flags=SA_RESTART|SA_SIGINFO
SIGTERM: [libjvm.so+0x8b92c0], sa_mask[0]=11111111011111111101111111111110, sa_flags=SA_RESTART|SA_SIGINFO
SIGQUIT: [libjvm.so+0x8b92c0], sa_mask[0]=11111111011111111101111111111110, sa_flags=SA_RESTART|SA_SIGINFO


---------------  S Y S T E M  ---------------

OS:DISTRIB_ID=LinuxMint
DISTRIB_RELEASE=18.3
DISTRIB_CODENAME=sylvia
DISTRIB_DESCRIPTION="Linux Mint 18.3 Sylvia"

uname:Linux 4.15.0-34-generic #37~16.04.1-Ubuntu SMP Tue Aug 28 10:44:06 UTC 2018 x86_64
libc:glibc 2.23 NPTL 2.23 
rlimit: STACK 8192k, CORE 0k, NPROC 95520, NOFILE 1048576, AS infinity
load average:5,33 4,03 3,17

/proc/meminfo:
MemTotal:       24576244 kB
MemFree:        12141736 kB
MemAvailable:   15830732 kB
Buffers:          370404 kB
Cached:          4259556 kB
SwapCached:            0 kB
Active:          8693504 kB
Inactive:        3100632 kB
Active(anon):    7179896 kB
Inactive(anon):   805064 kB
Active(file):    1513608 kB
Inactive(file):  2295568 kB
Unevictable:          32 kB
Mlocked:              32 kB
SwapTotal:      25057788 kB
SwapFree:       25057788 kB
Dirty:              2680 kB
Writeback:             0 kB
AnonPages:       7164072 kB
Mapped:          1297084 kB
Shmem:            820788 kB
Slab:             440264 kB
SReclaimable:     282792 kB
SUnreclaim:       157472 kB
KernelStack:       18832 kB
PageTables:        76580 kB
NFS_Unstable:          0 kB
Bounce:                0 kB
WritebackTmp:          0 kB
CommitLimit:    37345908 kB
Committed_AS:   19061844 kB
VmallocTotal:   34359738367 kB
VmallocUsed:           0 kB
VmallocChunk:          0 kB
HardwareCorrupted:     0 kB
AnonHugePages:      8192 kB
ShmemHugePages:        0 kB
ShmemPmdMapped:        0 kB
CmaTotal:              0 kB
CmaFree:               0 kB
HugePages_Total:       0
HugePages_Free:        0
HugePages_Rsvd:        0
HugePages_Surp:        0
Hugepagesize:       2048 kB
DirectMap4k:      229120 kB
DirectMap2M:    13295616 kB
DirectMap1G:    12582912 kB


CPU:total 4 (initial active 4) (2 cores per cpu, 2 threads per core) family 6 model 142 stepping 9, cmov, cx8, fxsr, mmx, sse, sse2, sse3, ssse3, sse4.1, sse4.2, popcnt, avx, avx2, aes, clmul, erms, 3dnowpref, lzcnt, ht, tsc, tscinvbit, bmi1, bmi2, adx

/proc/cpuinfo:
processor	: 0
vendor_id	: GenuineIntel
cpu family	: 6
model		: 142
model name	: Intel(R) Core(TM) i7-7500U CPU @ 2.70GHz
stepping	: 9
microcode	: 0x8e
cpu MHz		: 3334.200
cache size	: 4096 KB
physical id	: 0
siblings	: 4
core id		: 0
cpu cores	: 2
apicid		: 0
initial apicid	: 0
fpu		: yes
fpu_exception	: yes
cpuid level	: 22
wp		: yes
flags		: fpu vme de pse tsc msr pae mce cx8 apic sep mtrr pge mca cmov pat pse36 clflush dts acpi mmx fxsr sse sse2 ss ht tm pbe syscall nx pdpe1gb rdtscp lm constant_tsc art arch_perfmon pebs bts rep_good nopl xtopology nonstop_tsc cpuid aperfmperf tsc_known_freq pni pclmulqdq dtes64 monitor ds_cpl vmx est tm2 ssse3 sdbg fma cx16 xtpr pdcm pcid sse4_1 sse4_2 x2apic movbe popcnt tsc_deadline_timer aes xsave avx f16c rdrand lahf_lm abm 3dnowprefetch cpuid_fault epb invpcid_single pti ssbd ibrs ibpb stibp tpr_shadow vnmi flexpriority ept vpid fsgsbase tsc_adjust bmi1 avx2 smep bmi2 erms invpcid mpx rdseed adx smap clflushopt intel_pt xsaveopt xsavec xgetbv1 xsaves dtherm ida arat pln pts hwp hwp_notify hwp_act_window hwp_epp flush_l1d
bugs		: cpu_meltdown spectre_v1 spectre_v2 spec_store_bypass l1tf
bogomips	: 5808.00
clflush size	: 64
cache_alignment	: 64
address sizes	: 39 bits physical, 48 bits virtual
power management:

processor	: 1
vendor_id	: GenuineIntel
cpu family	: 6
model		: 142
model name	: Intel(R) Core(TM) i7-7500U CPU @ 2.70GHz
stepping	: 9
microcode	: 0x8e
cpu MHz		: 3338.190
cache size	: 4096 KB
physical id	: 0
siblings	: 4
core id		: 1
cpu cores	: 2
apicid		: 2
initial apicid	: 2
fpu		: yes
fpu_exception	: yes
cpuid level	: 22
wp		: yes
flags		: fpu vme de pse tsc msr pae mce cx8 apic sep mtrr pge mca cmov pat pse36 clflush dts acpi mmx fxsr sse sse2 ss ht tm pbe syscall nx pdpe1gb rdtscp lm constant_tsc art arch_perfmon pebs bts rep_good nopl xtopology nonstop_tsc cpuid aperfmperf tsc_known_freq pni pclmulqdq dtes64 monitor ds_cpl vmx est tm2 ssse3 sdbg fma cx16 xtpr pdcm pcid sse4_1 sse4_2 x2apic movbe popcnt tsc_deadline_timer aes xsave avx f16c rdrand lahf_lm abm 3dnowprefetch cpuid_fault epb invpcid_single pti ssbd ibrs ibpb stibp tpr_shadow vnmi flexpriority ept vpid fsgsbase tsc_adjust bmi1 avx2 smep bmi2 erms invpcid mpx rdseed adx smap clflushopt intel_pt xsaveopt xsavec xgetbv1 xsaves dtherm ida arat pln pts hwp hwp_notify hwp_act_window hwp_epp flush_l1d
bugs		: cpu_meltdown spectre_v1 spectre_v2 spec_store_bypass l1tf
bogomips	: 5808.00
clflush size	: 64
cache_alignment	: 64
address sizes	: 39 bits physical, 48 bits virtual
power management:

processor	: 2
vendor_id	: GenuineIntel
cpu family	: 6
model		: 142
model name	: Intel(R) Core(TM) i7-7500U CPU @ 2.70GHz
stepping	: 9
microcode	: 0x8e
cpu MHz		: 3337.766
cache size	: 4096 KB
physical id	: 0
siblings	: 4
core id		: 0
cpu cores	: 2
apicid		: 1
initial apicid	: 1
fpu		: yes
fpu_exception	: yes
cpuid level	: 22
wp		: yes
flags		: fpu vme de pse tsc msr pae mce cx8 apic sep mtrr pge mca cmov pat pse36 clflush dts acpi mmx fxsr sse sse2 ss ht tm pbe syscall nx pdpe1gb rdtscp lm constant_tsc art arch_perfmon pebs bts rep_good nopl xtopology nonstop_tsc cpuid aperfmperf tsc_known_freq pni pclmulqdq dtes64 monitor ds_cpl vmx est tm2 ssse3 sdbg fma cx16 xtpr pdcm pcid sse4_1 sse4_2 x2apic movbe popcnt tsc_deadline_timer aes xsave avx f16c rdrand lahf_lm abm 3dnowprefetch cpuid_fault epb invpcid_single pti ssbd ibrs ibpb stibp tpr_shadow vnmi flexpriority ept vpid fsgsbase tsc_adjust bmi1 avx2 smep bmi2 erms invpcid mpx rdseed adx smap clflushopt intel_pt xsaveopt xsavec xgetbv1 xsaves dtherm ida arat pln pts hwp hwp_notify hwp_act_window hwp_epp flush_l1d
bugs		: cpu_meltdown spectre_v1 spectre_v2 spec_store_bypass l1tf
bogomips	: 5808.00
clflush size	: 64
cache_alignment	: 64
address sizes	: 39 bits physical, 48 bits virtual
power management:

processor	: 3
vendor_id	: GenuineIntel
cpu family	: 6
model		: 142
model name	: Intel(R) Core(TM) i7-7500U CPU @ 2.70GHz
stepping	: 9
microcode	: 0x8e
cpu MHz		: 3337.913
cache size	: 4096 KB
physical id	: 0
siblings	: 4
core id		: 1
cpu cores	: 2
apicid		: 3
initial apicid	: 3
fpu		: yes
fpu_exception	: yes
cpuid level	: 22
wp		: yes
flags		: fpu vme de pse tsc msr pae mce cx8 apic sep mtrr pge mca cmov pat pse36 clflush dts acpi mmx fxsr sse sse2 ss ht tm pbe syscall nx pdpe1gb rdtscp lm constant_tsc art arch_perfmon pebs bts rep_good nopl xtopology nonstop_tsc cpuid aperfmperf tsc_known_freq pni pclmulqdq dtes64 monitor ds_cpl vmx est tm2 ssse3 sdbg fma cx16 xtpr pdcm pcid sse4_1 sse4_2 x2apic movbe popcnt tsc_deadline_timer aes xsave avx f16c rdrand lahf_lm abm 3dnowprefetch cpuid_fault epb invpcid_single pti ssbd ibrs ibpb stibp tpr_shadow vnmi flexpriority ept vpid fsgsbase tsc_adjust bmi1 avx2 smep bmi2 erms invpcid mpx rdseed adx smap clflushopt intel_pt xsaveopt xsavec xgetbv1 xsaves dtherm ida arat pln pts hwp hwp_notify hwp_act_window hwp_epp flush_l1d
bugs		: cpu_meltdown spectre_v1 spectre_v2 spec_store_bypass l1tf
bogomips	: 5808.00
clflush size	: 64
cache_alignment	: 64
address sizes	: 39 bits physical, 48 bits virtual
power management:



Memory: 4k page, physical 24576244k(12139828k free), swap 25057788k(25057788k free)

vm_info: OpenJDK 64-Bit Server VM (25.181-b13) for linux-amd64 JRE (1.8.0_181-8u181-b13-0ubuntu0.16.04.1-b13), built on Jul 30 2018 21:06:27 by "buildd" with gcc 5.4.0 20160609

time: Fri Sep 21 13:52:48 2018
elapsed time: 8099 seconds (0d 2h 14m 59s)

